#
# There is insufficient memory for the Java Runtime Environment to continue.
# Native memory allocation (malloc) failed to allocate 1655248 bytes for Chunk::new
# Possible reasons:
#   The system is out of physical RAM or swap space
#   In 32 bit mode, the process size limit was hit
# Possible solutions:
#   Reduce memory load on the system
#   Increase physical memory or swap space
#   Check if swap backing store is full
#   Use 64 bit Java on a 64 bit OS
#   Decrease Java heap size (-Xmx/-Xms)
#   Decrease number of Java threads
#   Decrease Java thread stack sizes (-Xss)
#   Set larger code cache with -XX:ReservedCodeCacheSize=
# This output file may be truncated or incomplete.
#
#  Out of Memory Error (allocation.cpp:390), pid=3024, tid=76504
#
# JRE version: Java(TM) SE Runtime Environment (8.0_40-b25) (build 1.8.0_40-b25)
# Java VM: Java HotSpot(TM) 64-Bit Server VM (25.40-b25 mixed mode windows-amd64 compressed oops)
# Failed to write core dump. Minidumps are not enabled by default on client versions of Windows
#

---------------  T H R E A D  ---------------

Current thread (0x00000000564fb800):  JavaThread "C2 CompilerThread1" daemon [_thread_in_native, id=76504, stack(0x0000000056cd0000,0x0000000056dd0000)]

Stack: [0x0000000056cd0000,0x0000000056dd0000]
Native frames: (J=compiled Java code, j=interpreted, Vv=VM code, C=native code)
V  [jvm.dll+0x32b47a]


Current CompileTask:
C2:  17271 10893       4       com.sun.org.apache.xerces.internal.impl.XMLNSDocumentScannerImpl::scanStartElement (1020 bytes)


---------------  P R O C E S S  ---------------

Java Threads: ( => current thread )
  0x000000005ec90000 JavaThread "stdout" daemon [_thread_in_native, id=74584, stack(0x0000000067710000,0x0000000067810000)]
  0x000000005ec8f800 JavaThread "stderr" daemon [_thread_in_native, id=77052, stack(0x0000000067ab0000,0x0000000067bb0000)]
  0x000000005ec8e800 JavaThread "stdout" daemon [_thread_in_native, id=71572, stack(0x0000000067970000,0x0000000067a70000)]
  0x000000005ec8e000 JavaThread "stderr" daemon [_thread_in_native, id=76824, stack(0x0000000067840000,0x0000000067940000)]
  0x000000005ec8d000 JavaThread "stdout" daemon [_thread_in_native, id=76892, stack(0x000000005c7c0000,0x000000005c8c0000)]
  0x000000005ec8c800 JavaThread "stderr" daemon [_thread_in_native, id=75412, stack(0x0000000067160000,0x0000000067260000)]
  0x000000005ec8b800 JavaThread "stdout" daemon [_thread_in_native, id=76816, stack(0x00000000674b0000,0x00000000675b0000)]
  0x000000005ad11800 JavaThread "stderr" daemon [_thread_in_native, id=77124, stack(0x0000000066c50000,0x0000000066d50000)]
  0x000000005ad11000 JavaThread "stdout" daemon [_thread_in_native, id=77132, stack(0x00000000675e0000,0x00000000676e0000)]
  0x000000005ad10000 JavaThread "stderr" daemon [_thread_in_native, id=76848, stack(0x0000000067370000,0x0000000067470000)]
  0x000000005ad0f800 JavaThread "stdout" daemon [_thread_in_native, id=76168, stack(0x0000000065bb0000,0x0000000065cb0000)]
  0x000000005ad0e800 JavaThread "stderr" daemon [_thread_in_native, id=77072, stack(0x0000000066e50000,0x0000000066f50000)]
  0x000000005ad0e000 JavaThread "stdout" daemon [_thread_in_native, id=77140, stack(0x0000000066d50000,0x0000000066e50000)]
  0x000000005ad0d000 JavaThread "stderr" daemon [_thread_in_native, id=76876, stack(0x0000000067000000,0x0000000067100000)]
  0x000000005ad0c800 JavaThread "stdout" daemon [_thread_in_native, id=77792, stack(0x0000000066190000,0x0000000066290000)]
  0x000000005ad0b800 JavaThread "stderr" daemon [_thread_in_native, id=77788, stack(0x0000000066b50000,0x0000000066c50000)]
  0x000000005ad0b000 JavaThread "stdout" daemon [_thread_in_native, id=77760, stack(0x0000000066980000,0x0000000066a80000)]
  0x000000005d899000 JavaThread "stderr" daemon [_thread_in_native, id=77756, stack(0x0000000066710000,0x0000000066810000)]
  0x000000005d898800 JavaThread "stdout" daemon [_thread_in_native, id=77740, stack(0x00000000665a0000,0x00000000666a0000)]
  0x000000005d897800 JavaThread "stderr" daemon [_thread_in_native, id=77736, stack(0x0000000066810000,0x0000000066910000)]
  0x000000005d897000 JavaThread "stdout" daemon [_thread_in_native, id=77712, stack(0x00000000664a0000,0x00000000665a0000)]
  0x000000005d896000 JavaThread "stderr" daemon [_thread_in_native, id=77708, stack(0x00000000662b0000,0x00000000663b0000)]
  0x000000005d895800 JavaThread "stdout" daemon [_thread_in_native, id=77696, stack(0x0000000066050000,0x0000000066150000)]
  0x000000005d894800 JavaThread "stderr" daemon [_thread_in_native, id=77664, stack(0x0000000065e30000,0x0000000065f30000)]
  0x000000005d894000 JavaThread "stdout" daemon [_thread_in_native, id=77652, stack(0x0000000065f50000,0x0000000066050000)]
  0x000000005d893000 JavaThread "stderr" daemon [_thread_in_native, id=77648, stack(0x0000000065cd0000,0x0000000065dd0000)]
  0x000000005d892800 JavaThread "stdout" daemon [_thread_in_native, id=77636, stack(0x0000000065aa0000,0x0000000065ba0000)]
  0x00000000575d5800 JavaThread "stderr" daemon [_thread_in_native, id=77632, stack(0x0000000065900000,0x0000000065a00000)]
  0x00000000575d5000 JavaThread "stdout" daemon [_thread_in_native, id=77612, stack(0x00000000652d0000,0x00000000653d0000)]
  0x00000000575d4000 JavaThread "stderr" daemon [_thread_in_native, id=77608, stack(0x0000000064be0000,0x0000000064ce0000)]
  0x00000000575d3800 JavaThread "stdout" daemon [_thread_in_native, id=77596, stack(0x00000000655a0000,0x00000000656a0000)]
  0x00000000575d2800 JavaThread "stderr" daemon [_thread_in_native, id=77592, stack(0x0000000065470000,0x0000000065570000)]
  0x00000000575d2000 JavaThread "png-cruncher_40" daemon [_thread_blocked, id=77580, stack(0x00000000651d0000,0x00000000652d0000)]
  0x00000000575d1000 JavaThread "png-cruncher_39" daemon [_thread_blocked, id=77576, stack(0x0000000065020000,0x0000000065120000)]
  0x00000000575d0800 JavaThread "png-cruncher_38" daemon [_thread_blocked, id=77572, stack(0x0000000064860000,0x0000000064960000)]
  0x00000000575cf800 JavaThread "png-cruncher_37" daemon [_thread_blocked, id=77568, stack(0x0000000064e30000,0x0000000064f30000)]
  0x00000000575cf000 JavaThread "png-cruncher_36" daemon [_thread_blocked, id=77564, stack(0x0000000064d00000,0x0000000064e00000)]
  0x000000005f10f800 JavaThread "png-cruncher_35" daemon [_thread_blocked, id=77560, stack(0x0000000064ae0000,0x0000000064be0000)]
  0x000000005f10f000 JavaThread "png-cruncher_34" daemon [_thread_blocked, id=77556, stack(0x0000000064970000,0x0000000064a70000)]
  0x000000005f10e000 JavaThread "png-cruncher_33" daemon [_thread_blocked, id=77552, stack(0x00000000640d0000,0x00000000641d0000)]
  0x000000005f10d800 JavaThread "png-cruncher_32" daemon [_thread_blocked, id=77548, stack(0x00000000644a0000,0x00000000645a0000)]
  0x000000005f10c800 JavaThread "png-cruncher_31" daemon [_thread_blocked, id=77544, stack(0x0000000064700000,0x0000000064800000)]
  0x000000005a40d000 JavaThread "stdout" daemon [_thread_in_native, id=77528, stack(0x00000000645a0000,0x00000000646a0000)]
  0x000000005a40c800 JavaThread "stderr" daemon [_thread_in_native, id=77516, stack(0x0000000064390000,0x0000000064490000)]
  0x000000005a40b800 JavaThread "png-cruncher_30" daemon [_thread_blocked, id=77496, stack(0x00000000641f0000,0x00000000642f0000)]
  0x000000005a40b000 JavaThread "png-cruncher_29" daemon [_thread_blocked, id=77492, stack(0x0000000063df0000,0x0000000063ef0000)]
  0x000000005a40a000 JavaThread "png-cruncher_28" daemon [_thread_blocked, id=77488, stack(0x0000000063f20000,0x0000000064020000)]
  0x000000005a409800 JavaThread "png-cruncher_27" daemon [_thread_blocked, id=77484, stack(0x0000000063970000,0x0000000063a70000)]
  0x000000005a408800 JavaThread "png-cruncher_26" daemon [_thread_blocked, id=77480, stack(0x0000000063ca0000,0x0000000063da0000)]
  0x000000005a407800 JavaThread "stdout" daemon [_thread_in_native, id=77460, stack(0x00000000598d0000,0x00000000599d0000)]
  0x000000005a407000 JavaThread "stderr" daemon [_thread_in_native, id=77456, stack(0x00000000635c0000,0x00000000636c0000)]
  0x000000005a406000 JavaThread "stdout" daemon [_thread_in_native, id=77432, stack(0x0000000063ae0000,0x0000000063be0000)]
  0x0000000058be4000 JavaThread "stderr" daemon [_thread_in_native, id=77428, stack(0x0000000063870000,0x0000000063970000)]
  0x0000000058be3000 JavaThread "png-cruncher_25" daemon [_thread_blocked, id=77416, stack(0x00000000636c0000,0x00000000637c0000)]
  0x0000000058bde800 JavaThread "png-cruncher_24" daemon [_thread_blocked, id=77412, stack(0x00000000634a0000,0x00000000635a0000)]
  0x0000000058be0000 JavaThread "png-cruncher_23" daemon [_thread_blocked, id=77408, stack(0x0000000057bc0000,0x0000000057cc0000)]
  0x000000005b51b000 JavaThread "png-cruncher_22" daemon [_thread_blocked, id=77404, stack(0x0000000063340000,0x0000000063440000)]
  0x000000005b51b800 JavaThread "png-cruncher_21" daemon [_thread_blocked, id=77400, stack(0x0000000063220000,0x0000000063320000)]
  0x000000005b51a000 JavaThread "pool-2-thread-4" [_thread_blocked, id=70120, stack(0x0000000061050000,0x0000000061150000)]
  0x000000005b519800 JavaThread "pool-2-thread-3" [_thread_blocked, id=76368, stack(0x0000000059290000,0x0000000059390000)]
  0x000000005b518800 JavaThread "pool-2-thread-2" [_thread_blocked, id=72188, stack(0x0000000060c90000,0x0000000060d90000)]
  0x000000005b518000 JavaThread "pool-2-thread-1" [_thread_in_native, id=74216, stack(0x000000005cb10000,0x000000005cc10000)]
  0x000000005bd8c800 JavaThread "File lock request listener" [_thread_in_native, id=76568, stack(0x000000005e120000,0x000000005e220000)]
  0x0000000058119000 JavaThread "Stdin handler" [_thread_blocked, id=76600, stack(0x00000000599d0000,0x0000000059ad0000)]
  0x0000000058118000 JavaThread "Asynchronous log dispatcher for org.gradle.launcher.daemon.server.DefaultDaemonConnection@10e7e09b" [_thread_blocked, id=76592, stack(0x00000000597d0000,0x00000000598d0000)]
  0x000000005811f800 JavaThread "Daemon worker" [_thread_blocked, id=76560, stack(0x0000000059670000,0x0000000059770000)]
  0x0000000058302000 JavaThread "Cancel handler" [_thread_blocked, id=68992, stack(0x00000000594c0000,0x00000000595c0000)]
  0x0000000058309000 JavaThread "Handler for socket connection from /127.0.0.1:61889 to /127.0.0.1:61890" [_thread_in_native, id=76636, stack(0x00000000593a0000,0x00000000594a0000)]
  0x0000000058308800 JavaThread "Daemon" [_thread_blocked, id=76580, stack(0x0000000059160000,0x0000000059260000)]
  0x0000000057ed8800 JavaThread "Incoming local TCP Connector on port 61889" [_thread_in_native, id=70516, stack(0x00000000568f0000,0x00000000569f0000)]
  0x0000000058023800 JavaThread "pool-1-thread-1" [_thread_blocked, id=76472, stack(0x0000000058e00000,0x0000000058f00000)]
  0x000000005658c000 JavaThread "Service Thread" daemon [_thread_blocked, id=76416, stack(0x0000000057080000,0x0000000057180000)]
  0x00000000564fc800 JavaThread "C1 CompilerThread2" daemon [_thread_blocked, id=70680, stack(0x0000000056f40000,0x0000000057040000)]
=>0x00000000564fb800 JavaThread "C2 CompilerThread1" daemon [_thread_in_native, id=76504, stack(0x0000000056cd0000,0x0000000056dd0000)]
  0x00000000564f4000 JavaThread "C2 CompilerThread0" daemon [_thread_in_native, id=76512, stack(0x0000000056b60000,0x0000000056c60000)]
  0x00000000564e8800 JavaThread "Attach Listener" daemon [_thread_blocked, id=76524, stack(0x0000000056a30000,0x0000000056b30000)]
  0x000000005518f800 JavaThread "Signal Dispatcher" daemon [_thread_blocked, id=76516, stack(0x0000000055fb0000,0x00000000560b0000)]
  0x000000005512a800 JavaThread "Finalizer" daemon [_thread_blocked, id=76532, stack(0x00000000563e0000,0x00000000564e0000)]
  0x0000000055123800 JavaThread "Reference Handler" daemon [_thread_blocked, id=76544, stack(0x0000000056220000,0x0000000056320000)]
  0x00000000025ee800 JavaThread "main" [_thread_blocked, id=76548, stack(0x00000000027e0000,0x00000000028e0000)]

Other Threads:
  0x000000005511c000 VMThread [stack: 0x0000000056120000,0x0000000056220000] [id=76536]
  0x0000000056597000 WatcherThread [stack: 0x0000000057280000,0x0000000057380000] [id=75752]

VM state:not at safepoint (normal execution)

VM Mutex/Monitor currently owned by a thread: None

Heap:
 PSYoungGen      total 288256K, used 217553K [0x00000000eab00000, 0x00000000ffa80000, 0x0000000100000000)
  eden space 253952K, 85% used [0x00000000eab00000,0x00000000f7f745e8,0x00000000fa300000)
  from space 34304K, 0% used [0x00000000fc800000,0x00000000fc800000,0x00000000fe980000)
  to   space 37888K, 0% used [0x00000000fa300000,0x00000000fa300000,0x00000000fc800000)
 ParOldGen       total 154624K, used 48751K [0x00000000c0000000, 0x00000000c9700000, 0x00000000eab00000)
  object space 154624K, 31% used [0x00000000c0000000,0x00000000c2f9bc70,0x00000000c9700000)
 Metaspace       used 65356K, capacity 66750K, committed 66816K, reserved 1107968K
  class space    used 8389K, capacity 8895K, committed 8960K, reserved 1048576K

Card table byte_map: [0x0000000011ca0000,0x0000000011eb0000] byte_map_base: 0x00000000116a0000

Marking Bits: (ParMarkBitMap*) 0x00000000694c4040
 Begin Bits: [0x0000000012590000, 0x0000000013590000)
 End Bits:   [0x0000000013590000, 0x0000000014590000)

Polling page: 0x0000000000230000

CodeCache: size=245760Kb used=30652Kb max_used=30858Kb free=215107Kb
 bounds [0x00000000028e0000, 0x0000000004730000, 0x00000000118e0000]
 total_blobs=10231 nmethods=9417 adapters=723
 compilation: enabled

Compilation events (10 events):
Event: 17.247 Thread 0x00000000564fc800 11032       3       java.util.concurrent.FutureTask::get (23 bytes)
Event: 17.248 Thread 0x00000000564fc800 nmethod 11032 0x0000000002df5590 code [0x0000000002df5700, 0x0000000002df5918]
Event: 17.248 Thread 0x00000000564fc800 11033       3       java.util.concurrent.FutureTask::report (37 bytes)
Event: 17.249 Thread 0x00000000564fc800 nmethod 11033 0x0000000002fca150 code [0x0000000002fca2e0, 0x0000000002fca718]
Event: 17.263 Thread 0x00000000564fc800 11034       3       java.lang.ThreadLocal$ThreadLocalMap::<init> (148 bytes)
Event: 17.264 Thread 0x00000000564fc800 nmethod 11034 0x0000000003f36950 code [0x0000000003f36b40, 0x0000000003f376d8]
Event: 17.267 Thread 0x00000000564f4000 nmethod 10867 0x0000000003fb64d0 code [0x0000000003fb66a0, 0x0000000003fb7568]
Event: 17.268 Thread 0x00000000564f4000 10915       4       com.google.common.collect.AbstractMapBasedMultimap$WrappedCollection$WrappedIterator::<init> (36 bytes)
Event: 17.270 Thread 0x00000000564f4000 nmethod 10915 0x0000000003f99750 code [0x0000000003f998a0, 0x0000000003f99a18]
Event: 17.270 Thread 0x00000000564f4000 11028       4       java.lang.ref.WeakReference::<init> (6 bytes)

GC Heap History (10 events):
Event: 6.849 GC heap before
{Heap before GC invocations=9 (full 2):
 PSYoungGen      total 161792K, used 148480K [0x00000000eab00000, 0x00000000f8280000, 0x0000000100000000)
  eden space 148480K, 100% used [0x00000000eab00000,0x00000000f3c00000,0x00000000f3c00000)
  from space 13312K, 0% used [0x00000000f4a80000,0x00000000f4a80000,0x00000000f5780000)
  to   space 14848K, 0% used [0x00000000f3c00000,0x00000000f3c00000,0x00000000f4a80000)
 ParOldGen       total 97792K, used 20158K [0x00000000c0000000, 0x00000000c5f80000, 0x00000000eab00000)
  object space 97792K, 20% used [0x00000000c0000000,0x00000000c13afbd8,0x00000000c5f80000)
 Metaspace       used 44274K, capacity 45178K, committed 45312K, reserved 1087488K
  class space    used 6141K, capacity 6376K, committed 6400K, reserved 1048576K
Event: 6.868 GC heap after
Heap after GC invocations=9 (full 2):
 PSYoungGen      total 163328K, used 14835K [0x00000000eab00000, 0x00000000fa080000, 0x0000000100000000)
  eden space 148480K, 0% used [0x00000000eab00000,0x00000000eab00000,0x00000000f3c00000)
  from space 14848K, 99% used [0x00000000f3c00000,0x00000000f4a7cdb8,0x00000000f4a80000)
  to   space 17408K, 0% used [0x00000000f8f80000,0x00000000f8f80000,0x00000000fa080000)
 ParOldGen       total 97792K, used 20885K [0x00000000c0000000, 0x00000000c5f80000, 0x00000000eab00000)
  object space 97792K, 21% used [0x00000000c0000000,0x00000000c1465408,0x00000000c5f80000)
 Metaspace       used 44274K, capacity 45178K, committed 45312K, reserved 1087488K
  class space    used 6141K, capacity 6376K, committed 6400K, reserved 1048576K
}
Event: 8.771 GC heap before
{Heap before GC invocations=10 (full 2):
 PSYoungGen      total 163328K, used 163315K [0x00000000eab00000, 0x00000000fa080000, 0x0000000100000000)
  eden space 148480K, 100% used [0x00000000eab00000,0x00000000f3c00000,0x00000000f3c00000)
  from space 14848K, 99% used [0x00000000f3c00000,0x00000000f4a7cdb8,0x00000000f4a80000)
  to   space 17408K, 0% used [0x00000000f8f80000,0x00000000f8f80000,0x00000000fa080000)
 ParOldGen       total 97792K, used 20885K [0x00000000c0000000, 0x00000000c5f80000, 0x00000000eab00000)
  object space 97792K, 21% used [0x00000000c0000000,0x00000000c1465408,0x00000000c5f80000)
 Metaspace       used 49666K, capacity 50816K, committed 51072K, reserved 1093632K
  class space    used 6870K, capacity 7279K, committed 7296K, reserved 1048576K
Event: 8.808 GC heap after
Heap after GC invocations=10 (full 2):
 PSYoungGen      total 225792K, used 17388K [0x00000000eab00000, 0x00000000fac80000, 0x0000000100000000)
  eden space 208384K, 0% used [0x00000000eab00000,0x00000000eab00000,0x00000000f7680000)
  from space 17408K, 99% used [0x00000000f8f80000,0x00000000fa07b1b0,0x00000000fa080000)
  to   space 25600K, 0% used [0x00000000f7680000,0x00000000f7680000,0x00000000f8f80000)
 ParOldGen       total 97792K, used 34044K [0x00000000c0000000, 0x00000000c5f80000, 0x00000000eab00000)
  object space 97792K, 34% used [0x00000000c0000000,0x00000000c213f2c0,0x00000000c5f80000)
 Metaspace       used 49666K, capacity 50816K, committed 51072K, reserved 1093632K
  class space    used 6870K, capacity 7279K, committed 7296K, reserved 1048576K
}
Event: 12.696 GC heap before
{Heap before GC invocations=11 (full 2):
 PSYoungGen      total 225792K, used 225772K [0x00000000eab00000, 0x00000000fac80000, 0x0000000100000000)
  eden space 208384K, 100% used [0x00000000eab00000,0x00000000f7680000,0x00000000f7680000)
  from space 17408K, 99% used [0x00000000f8f80000,0x00000000fa07b1b0,0x00000000fa080000)
  to   space 25600K, 0% used [0x00000000f7680000,0x00000000f7680000,0x00000000f8f80000)
 ParOldGen       total 97792K, used 34044K [0x00000000c0000000, 0x00000000c5f80000, 0x00000000eab00000)
  object space 97792K, 34% used [0x00000000c0000000,0x00000000c213f2c0,0x00000000c5f80000)
 Metaspace       used 56847K, capacity 58032K, committed 58368K, reserved 1099776K
  class space    used 7676K, capacity 8085K, committed 8192K, reserved 1048576K
Event: 12.740 GC heap after
Heap after GC invocations=11 (full 2):
 PSYoungGen      total 233984K, used 25575K [0x00000000eab00000, 0x00000000fe980000, 0x0000000100000000)
  eden space 208384K, 0% used [0x00000000eab00000,0x00000000eab00000,0x00000000f7680000)
  from space 25600K, 99% used [0x00000000f7680000,0x00000000f8f79da8,0x00000000f8f80000)
  to   space 34304K, 0% used [0x00000000fc800000,0x00000000fc800000,0x00000000fe980000)
 ParOldGen       total 97792K, used 45931K [0x00000000c0000000, 0x00000000c5f80000, 0x00000000eab00000)
  object space 97792K, 46% used [0x00000000c0000000,0x00000000c2cdaf50,0x00000000c5f80000)
 Metaspace       used 56847K, capacity 58032K, committed 58368K, reserved 1099776K
  class space    used 7676K, capacity 8085K, committed 8192K, reserved 1048576K
}
Event: 13.104 GC heap before
{Heap before GC invocations=12 (full 2):
 PSYoungGen      total 233984K, used 59777K [0x00000000eab00000, 0x00000000fe980000, 0x0000000100000000)
  eden space 208384K, 16% used [0x00000000eab00000,0x00000000ecc666c0,0x00000000f7680000)
  from space 25600K, 99% used [0x00000000f7680000,0x00000000f8f79da8,0x00000000f8f80000)
  to   space 34304K, 0% used [0x00000000fc800000,0x00000000fc800000,0x00000000fe980000)
 ParOldGen       total 97792K, used 45931K [0x00000000c0000000, 0x00000000c5f80000, 0x00000000eab00000)
  object space 97792K, 46% used [0x00000000c0000000,0x00000000c2cdaf50,0x00000000c5f80000)
 Metaspace       used 57720K, capacity 58894K, committed 59096K, reserved 1099776K
  class space    used 7753K, capacity 8203K, committed 8320K, reserved 1048576K
Event: 13.131 GC heap after
Heap after GC invocations=12 (full 2):
 PSYoungGen      total 288256K, used 29934K [0x00000000eab00000, 0x00000000ffa80000, 0x0000000100000000)
  eden space 253952K, 0% used [0x00000000eab00000,0x00000000eab00000,0x00000000fa300000)
  from space 34304K, 87% used [0x00000000fc800000,0x00000000fe53b8b0,0x00000000fe980000)
  to   space 37888K, 0% used [0x00000000fa300000,0x00000000fa300000,0x00000000fc800000)
 ParOldGen       total 97792K, used 45939K [0x00000000c0000000, 0x00000000c5f80000, 0x00000000eab00000)
  object space 97792K, 46% used [0x00000000c0000000,0x00000000c2cdcf50,0x00000000c5f80000)
 Metaspace       used 57720K, capacity 58894K, committed 59096K, reserved 1099776K
  class space    used 7753K, capacity 8203K, committed 8320K, reserved 1048576K
}
Event: 13.131 GC heap before
{Heap before GC invocations=13 (full 3):
 PSYoungGen      total 288256K, used 29934K [0x00000000eab00000, 0x00000000ffa80000, 0x0000000100000000)
  eden space 253952K, 0% used [0x00000000eab00000,0x00000000eab00000,0x00000000fa300000)
  from space 34304K, 87% used [0x00000000fc800000,0x00000000fe53b8b0,0x00000000fe980000)
  to   space 37888K, 0% used [0x00000000fa300000,0x00000000fa300000,0x00000000fc800000)
 ParOldGen       total 97792K, used 45939K [0x00000000c0000000, 0x00000000c5f80000, 0x00000000eab00000)
  object space 97792K, 46% used [0x00000000c0000000,0x00000000c2cdcf50,0x00000000c5f80000)
 Metaspace       used 57720K, capacity 58894K, committed 59096K, reserved 1099776K
  class space    used 7753K, capacity 8203K, committed 8320K, reserved 1048576K
Event: 13.410 GC heap after
Heap after GC invocations=13 (full 3):
 PSYoungGen      total 288256K, used 0K [0x00000000eab00000, 0x00000000ffa80000, 0x0000000100000000)
  eden space 253952K, 0% used [0x00000000eab00000,0x00000000eab00000,0x00000000fa300000)
  from space 34304K, 0% used [0x00000000fc800000,0x00000000fc800000,0x00000000fe980000)
  to   space 37888K, 0% used [0x00000000fa300000,0x00000000fa300000,0x00000000fc800000)
 ParOldGen       total 154624K, used 48751K [0x00000000c0000000, 0x00000000c9700000, 0x00000000eab00000)
  object space 154624K, 31% used [0x00000000c0000000,0x00000000c2f9bc70,0x00000000c9700000)
 Metaspace       used 57720K, capacity 58894K, committed 59096K, reserved 1099776K
  class space    used 7753K, capacity 8203K, committed 8320K, reserved 1048576K
}

Deoptimization events (10 events):
Event: 16.967 Thread 0x000000005b518000 Uncommon trap: reason=unstable_if action=reinterpret pc=0x0000000003c75448 method=com.sun.org.apache.xerces.internal.parsers.XML11Configuration.checkFeature(Ljava/lang/String;)Lcom/sun/org/apache/xerces/internal/util/FeatureState; @ 114
Event: 16.967 Thread 0x000000005b518000 Uncommon trap: reason=unstable_if action=reinterpret pc=0x0000000003c781d0 method=com.sun.org.apache.xerces.internal.impl.XMLEntityManager.setFeature(Ljava/lang/String;Z)V @ 49
Event: 16.990 Thread 0x000000005811f800 Uncommon trap: reason=unstable_if action=reinterpret pc=0x000000000384f4ac method=com.android.utils.XmlUtils.toXmlTextValue(Ljava/lang/String;)Ljava/lang/String; @ 27
Event: 16.996 Thread 0x000000005b51a000 Uncommon trap: reason=class_check action=maybe_recompile pc=0x00000000035f7a08 method=java.lang.AbstractStringBuilder.append(Ljava/lang/CharSequence;)Ljava/lang/AbstractStringBuilder; @ 26
Event: 16.996 Thread 0x000000005b51a000 Uncommon trap: reason=class_check action=maybe_recompile pc=0x00000000029f37d4 method=java.lang.AbstractStringBuilder.append(Ljava/lang/CharSequence;II)Ljava/lang/AbstractStringBuilder; @ 18
Event: 16.997 Thread 0x000000005b51a000 Uncommon trap: reason=unstable_if action=reinterpret pc=0x00000000034b0a14 method=java.lang.ThreadLocal.get()Ljava/lang/Object; @ 11
Event: 17.004 Thread 0x000000005b518800 Uncommon trap: reason=class_check action=maybe_recompile pc=0x00000000035f7a08 method=java.lang.AbstractStringBuilder.append(Ljava/lang/CharSequence;)Ljava/lang/AbstractStringBuilder; @ 26
Event: 17.004 Thread 0x000000005b518800 Uncommon trap: reason=class_check action=maybe_recompile pc=0x00000000029f37d4 method=java.lang.AbstractStringBuilder.append(Ljava/lang/CharSequence;II)Ljava/lang/AbstractStringBuilder; @ 18
Event: 17.091 Thread 0x000000005b519800 Uncommon trap: reason=class_check action=maybe_recompile pc=0x00000000035f7a08 method=java.lang.AbstractStringBuilder.append(Ljava/lang/CharSequence;)Ljava/lang/AbstractStringBuilder; @ 26
Event: 17.091 Thread 0x000000005b519800 Uncommon trap: reason=class_check action=maybe_recompile pc=0x00000000029f37d4 method=java.lang.AbstractStringBuilder.append(Ljava/lang/CharSequence;II)Ljava/lang/AbstractStringBuilder; @ 18

Internal exceptions (10 events):
Event: 14.380 Thread 0x000000005811f800 Exception <a 'java/lang/ClassNotFoundException': com/android/build/gradle/tasks/annotations/ExtractorBeanInfo> (0x00000000ee2a6050) thrown at [D:\re\workspace\8-2-build-windows-amd64-cygwin\jdk8u40\2855\hotspot\src\share\vm\classfile\systemDictionary.cpp, ¢?z¶ÑÂ,@
Event: 14.381 Thread 0x000000005811f800 Exception <a 'java/lang/ClassNotFoundException': com/android/build/gradle/tasks/annotations/ExtractorCustomizer> (0x00000000ee2b6718) thrown at [D:\re\workspace\8-2-build-windows-amd64-cygwin\jdk8u40\2855\hotspot\src\share\vm\classfile\systemDictionary.cpp•xÂk½G.@
Event: 15.140 Thread 0x000000005811f800 Exception <a 'java/lang/ClassNotFoundException': com/android/build/gradle/internal/LibraryCache$1BeanInfo> (0x00000000ef3a03a0) thrown at [D:\re\workspace\8-2-build-windows-amd64-cygwin\jdk8u40\2855\hotspot\src\share\vm\classfile\systemDictionary.cpp, lineé—«)ÕG.@
Event: 15.140 Thread 0x000000005811f800 Exception <a 'java/lang/ClassNotFoundException': com/android/build/gradle/internal/LibraryCache$1Customizer> (0x00000000ef3afbd8) thrown at [D:\re\workspace\8-2-build-windows-amd64-cygwin\jdk8u40\2855\hotspot\src\share\vm\classfile\systemDictionary.cpp, liª
¶Ã@õ0@
Event: 16.958 Thread 0x000000005b518000 Implicit null exception at 0x0000000003d7ca2a to 0x0000000003d7d519
Event: 16.997 Thread 0x000000005b51a000 Implicit null exception at 0x00000000034b0878 to 0x00000000034b0a05
Event: 17.113 Thread 0x000000005b518000 Exception <a 'java/io/FileNotFoundException'> (0x00000000f4aac6a8) thrown at [D:\re\workspace\8-2-build-windows-amd64-cygwin\jdk8u40\2855\hotspot\src\share\vm\prims\jni.cpp, line 709]
Event: 17.269 Thread 0x00000000575cf000 StackOverflowError at 0x0000000002decbc0
Event: 17.270 Thread 0x00000000575cf000 Exception <a 'java/lang/StackOverflowError'> (0x00000000f6a3a7f8) thrown at [D:\re\workspace\8-2-build-windows-amd64-cygwin\jdk8u40\2855\hotspot\src\share\vm\runtime\sharedRuntime.cpp, line 605]
Event: 17.270 Thread 0x00000000575cf000 Exception <a 'java/lang/StackOverflowError'> (0x00000000f6a3a7f8) thrown at [D:\re\workspace\8-2-build-windows-amd64-cygwin\jdk8u40\2855\hotspot\src\share\vm\prims\jvm.cpp, line 1386]

Events (10 events):
Event: 17.255 Thread 0x000000005ec8e800 Thread added: 0x000000005ec8e800
Event: 17.263 Thread 0x000000005ec8f800 Thread added: 0x000000005ec8f800
Event: 17.263 Thread 0x000000005ec90000 Thread added: 0x000000005ec90000
Event: 17.264 Thread 0x00000000564fc800 flushing nmethod 0x000000000422f310
Event: 17.264 Thread 0x00000000564fc800 flushing nmethod 0x0000000004291d10
Event: 17.264 Thread 0x00000000564fc800 flushing nmethod 0x000000000429e7d0
Event: 17.264 Thread 0x00000000564fc800 flushing nmethod 0x000000000429ed10
Event: 17.264 Thread 0x00000000564fc800 flushing nmethod 0x000000000429f310
Event: 17.270 loading class java/lang/Throwable$WrappedPrintStream
Event: 17.270 loading class java/lang/Throwable$WrappedPrintStream done


Dynamic libraries:
0x000000013fd50000 - 0x000000013fd87000 	C:\Program Files\Java\jdk1.8.0_40\bin\java.exe
0x0000000077410000 - 0x00000000775ba000 	C:\windows\SYSTEM32\ntdll.dll
0x00000000770b0000 - 0x00000000771cf000 	C:\windows\system32\kernel32.dll
0x000007fefd410000 - 0x000007fefd47b000 	C:\windows\system32\KERNELBASE.dll
0x000007fefdfc0000 - 0x000007fefe09b000 	C:\windows\system32\ADVAPI32.dll
0x000007fefd9c0000 - 0x000007fefda5f000 	C:\windows\system32\msvcrt.dll
0x000007feff040000 - 0x000007feff05f000 	C:\windows\SYSTEM32\sechost.dll
0x000007fefde90000 - 0x000007fefdfbd000 	C:\windows\system32\RPCRT4.dll
0x0000000077310000 - 0x000000007740a000 	C:\windows\system32\USER32.dll
0x000007fefde20000 - 0x000007fefde87000 	C:\windows\system32\GDI32.dll
0x000007fefd6d0000 - 0x000007fefd6de000 	C:\windows\system32\LPK.dll
0x000007fefdc20000 - 0x000007fefdcea000 	C:\windows\system32\USP10.dll
0x000007fefba50000 - 0x000007fefbc44000 	C:\windows\WinSxS\amd64_microsoft.windows.common-controls_6595b64144ccf1df_6.0.7601.18837_none_fa3b1e3d17594757\COMCTL32.dll
0x000007feff1d0000 - 0x000007feff241000 	C:\windows\system32\SHLWAPI.dll
0x000007feff690000 - 0x000007feff6be000 	C:\windows\system32\IMM32.DLL
0x000007fefdb00000 - 0x000007fefdc09000 	C:\windows\system32\MSCTF.dll
0x0000000069550000 - 0x0000000069622000 	C:\Program Files\Java\jdk1.8.0_40\jre\bin\msvcr100.dll
0x0000000068cc0000 - 0x0000000069543000 	C:\Program Files\Java\jdk1.8.0_40\jre\bin\server\jvm.dll
0x000007fef2f00000 - 0x000007fef2f09000 	C:\windows\system32\WSOCK32.dll
0x000007fefd970000 - 0x000007fefd9bd000 	C:\windows\system32\WS2_32.dll
0x000007fefdc10000 - 0x000007fefdc18000 	C:\windows\system32\NSI.dll
0x000007fefd1c0000 - 0x000007fefd1fb000 	C:\windows\system32\WINMM.dll
0x000007fefc110000 - 0x000007fefc11c000 	C:\windows\system32\VERSION.dll
0x00000000775d0000 - 0x00000000775d7000 	C:\windows\system32\PSAPI.DLL
0x000000006c1f0000 - 0x000000006c1ff000 	C:\Program Files\Java\jdk1.8.0_40\jre\bin\verify.dll
0x00000000696e0000 - 0x0000000069709000 	C:\Program Files\Java\jdk1.8.0_40\jre\bin\java.dll
0x00000000696c0000 - 0x00000000696d6000 	C:\Program Files\Java\jdk1.8.0_40\jre\bin\zip.dll
0x000007fefe2b0000 - 0x000007feff039000 	C:\windows\system32\SHELL32.dll
0x000007fefe0a0000 - 0x000007fefe2a3000 	C:\windows\system32\ole32.dll
0x000007fefd030000 - 0x000007fefd03f000 	C:\windows\system32\profapi.dll
0x00000000696a0000 - 0x00000000696ba000 	C:\Program Files\Java\jdk1.8.0_40\jre\bin\net.dll
0x000007fefc7c0000 - 0x000007fefc815000 	C:\windows\system32\mswsock.dll
0x000007fefc7b0000 - 0x000007fefc7b7000 	C:\windows\System32\wship6.dll
0x0000000069680000 - 0x0000000069691000 	C:\Program Files\Java\jdk1.8.0_40\jre\bin\nio.dll
0x000007fef5420000 - 0x000007fef5432000 	C:\Users\Administrator\.gradle\native\19\windows-amd64\native-platform.dll
0x000007fefc820000 - 0x000007fefc837000 	C:\windows\system32\CRYPTSP.dll
0x000007fefc520000 - 0x000007fefc567000 	C:\windows\system32\rsaenh.dll
0x000007fefd190000 - 0x000007fefd1ae000 	C:\windows\system32\USERENV.dll
0x000007fefce80000 - 0x000007fefce8f000 	C:\windows\system32\CRYPTBASE.dll
0x000007fefadc0000 - 0x000007fefade7000 	C:\windows\system32\IPHLPAPI.DLL
0x000007fefadb0000 - 0x000007fefadbb000 	C:\windows\system32\WINNSI.DLL
0x000007fefa870000 - 0x000007fefa881000 	C:\windows\system32\dhcpcsvc6.DLL
0x000007fefa850000 - 0x000007fefa868000 	C:\windows\system32\dhcpcsvc.DLL
0x000000006c200000 - 0x000000006c20d000 	C:\Program Files\Java\jdk1.8.0_40\jre\bin\management.dll
0x000007fefce20000 - 0x000007fefce77000 	C:\windows\system32\apphelp.dll
0x000000006f8b0000 - 0x000000006fa48000 	C:\Program Files\Java\jdk1.8.0_40\jre\bin\awt.dll
0x000007feff250000 - 0x000007feff328000 	C:\windows\system32\OLEAUT32.dll
0x000007fefd070000 - 0x000007fefd088000 	C:\windows\system32\DWMAPI.DLL

VM Arguments:
jvm_args: -XX:MaxPermSize=256m -XX:+HeapDumpOnOutOfMemoryError -Xmx1024m -Dfile.encoding=GBK -Duser.country=CN -Duser.language=zh -Duser.variant 
java_command: org.gradle.launcher.daemon.bootstrap.GradleDaemon 2.14.1
java_class_path (initial): C:\Users\Administrator\.gradle\wrapper\dists\gradle-2.14.1-all\8bnwg5hd3w55iofp58khbp6yv\gradle-2.14.1\lib\gradle-launcher-2.14.1.jar
Launcher Type: SUN_STANDARD

Environment Variables:
JAVA_HOME=C:\Program Files\Java\jdk1.8.0_40
PATH=C:\Program Files\Java\jdk1.8.0_40/bin;C:\windows\system32;C:\windows;C:\windows\System32\Wbem;C:\windows\System32\WindowsPowerShell\v1.0\;D:\Android;D:\Program Files\TortoiseGit\bin;D:\Android\platform-tools;C:\tomcat8\lab;C:\tomcat8\bin;
USERNAME=Administrator
OS=Windows_NT
PROCESSOR_IDENTIFIER=Intel64 Family 6 Model 60 Stepping 3, GenuineIntel



---------------  S Y S T E M  ---------------

OS: Windows 7 , 64 bit Build 7601 (6.1.7601.19135)

CPU:total 4 (2 cores per cpu, 2 threads per core) family 6 model 60 stepping 3, cmov, cx8, fxsr, mmx, sse, sse2, sse3, ssse3, sse4.1, sse4.2, popcnt, avx, avx2, aes, clmul, erms, lzcnt, ht, tsc, tscinvbit, bmi1, bmi2

Memory: 4k page, physical 8254100k(433220k free), swap 8252264k(4696k free)

vm_info: Java HotSpot(TM) 64-Bit Server VM (25.40-b25) for windows-amd64 JRE (1.8.0_40-b25), built on Feb 10 2015 21:53:57 by "java_re" with MS VC++ 10.0 (VS2010)

time: Mon Oct 31 14:44:49 2016
elapsed time: 17 seconds (0d 0h 0m 17s)

